<?xml version="1.0" encoding="UTF-8"?>
<testsuite xmlns:xsi="http://www.w3.org/2001/XMLSchema-instance" xsi:noNamespaceSchemaLocation="https://maven.apache.org/surefire/maven-surefire-plugin/xsd/surefire-test-report.xsd" name="TestSuite" time="14.425" tests="1" errors="0" skipped="0" failures="1">
  <properties>
[...]
</properties>
  <testcase name="test_homeHouse" classname="testcase.Test_HomePage" time="5.407">
    <failure message="Element not found {By.name: 北京房产}&#10;Expected: visible" type="com.codeborne.selenide.ex.ElementNotFound">com.codeborne.selenide.ex.ElementNotFound: 
Element not found {By.name: 北京房产}
Expected: visible
	at testcase.Test_HomePage.test_homeHouse(Test_HomePage.java:51)
Caused by: org.openqa.selenium.NoSuchElementException: 
no such element: Unable to locate element: {"method":"name","selector":"北京房产"}
  (Session info: chrome=71.0.3578.98)
  (Driver info: chromedriver=2.40.565386 (45a059dc425e08165f9a10324bd1380cc13ca363),platform=Mac OS X 10.13.6 x86_64) (WARNING: The server did not provide any stacktrace information)
Command duration or timeout: 0 milliseconds
For documentation on this error, please visit: http://seleniumhq.org/exceptions/no_such_element.html
Build info: version: '3.6.0', revision: '6fbf3ec767', time: '2017-09-27T15:28:36.4Z'
System info: host: 'xinxideMacBook-Pro.local', ip: 'fe80:0:0:0:86e:eb4a:9c86:c7cb%en0', os.name: 'Mac OS X', os.arch: 'x86_64', os.version: '10.13.6', java.version: '1.8.0_161'
Driver info: org.openqa.selenium.chrome.ChromeDriver
Capabilities [{mobileEmulationEnabled=false, hasTouchScreen=false, platform=MAC, acceptSslCerts=false, acceptInsecureCerts=false, webStorageEnabled=true, browserName=chrome, takesScreenshot=true, javascriptEnabled=true, platformName=MAC, setWindowRect=true, unexpectedAlertBehaviour=, applicationCacheEnabled=false, rotatable=false, networkConnectionEnabled=false, chrome={chromedriverVersion=2.40.565386 (45a059dc425e08165f9a10324bd1380cc13ca363), userDataDir=/var/folders/xb/mw_d94bd6xl1xr4q878v25nh0000gn/T/.org.chromium.Chromium.9TOddo}, takesHeapSnapshot=true, pageLoadStrategy=normal, unhandledPromptBehavior=, databaseEnabled=false, handlesAlerts=true, version=71.0.3578.98, browserConnectionEnabled=false, nativeEvents=true, locationContextEnabled=true, cssSelectorsEnabled=true}]
Session ID: 88934db381254a894b48850971f9db73
*** Element info: {Using=name, value=北京房产}
	at testcase.Test_HomePage.test_homeHouse(Test_HomePage.java:51)
</failure>
    <system-out><![CDATA[[TestNGContentHandler] [WARN] It is strongly recommended to add "<!DOCTYPE suite SYSTEM "http://testng.org/testng-1.0.dtd" >" at the top of your file, otherwise TestNG may fail or not work as expected.
完成driver初始化
首页房产测试
失败了..
截图文件路径:/Users/xinxi/Documents/ideaProjcet/SelenideDemo/build/reports/tests/test_homeHouse.png
]]></system-out>
    <system-err><![CDATA[SLF4J: Failed to load class "org.slf4j.impl.StaticLoggerBinder".
SLF4J: Defaulting to no-operation (NOP) logger implementation
SLF4J: See http://www.slf4j.org/codes.html#StaticLoggerBinder for further details.
Starting ChromeDriver 2.40.565386 (45a059dc425e08165f9a10324bd1380cc13ca363) on port 41779
Only local connections are allowed.
十二月 22, 2018 3:59:04 下午 org.openqa.selenium.remote.ProtocolHandshake createSession
信息: Detected dialect: OSS
十二月 22, 2018 3:59:05 下午 com.codeborne.selenide.webdriver.WebDriverFactory logBrowserVersion
信息: BrowserName=chrome Version=71.0.3578.98 Platform=MAC
十二月 22, 2018 3:59:05 下午 com.codeborne.selenide.webdriver.WebDriverFactory createWebDriver
信息: Selenide v. 4.8
十二月 22, 2018 3:59:05 下午 com.codeborne.selenide.webdriver.WebDriverFactory logSeleniumInfo
信息: Selenium WebDriver v. 3.6.0 build time: 2017-09-27T15:28:36.4Z
十二月 22, 2018 3:59:05 下午 com.codeborne.selenide.impl.WebDriverThreadLocalContainer createDriver
信息: Create webdriver in current thread 1: ChromeDriver -> ChromeDriver: chrome on MAC (88934db381254a894b48850971f9db73)
]]></system-err>
  </testcase>
</testsuite>